23:05:24.166 [main] INFO  api.tests.StoreTestsProperty - Test Get Store by Id executed
23:05:27.249 [main] INFO  api.tests.StoreTestsProperty - Test Delete Store by Id executed
23:07:08.168 [main] INFO  api.tests.StoreTestsProperty - Test Post Store executed
23:22:03.889 [main] INFO  api.tests.StoreTestsProperty - Test Get Store by Id executed
23:23:51.142 [main] INFO  api.tests.StoreTestsProperty - Test Post Store executed
23:27:49.057 [main] INFO  api.tests.StoreTestsProperty - Test Post Store executed
23:34:18.659 [main] INFO  api.tests.UserTests - Test Post User executed
23:34:20.598 [main] INFO  api.tests.UserTests - Test Get User by Name executed
23:34:22.475 [main] INFO  api.tests.UserTests - Test Update User by Name executed
23:34:26.294 [main] INFO  api.tests.UserTests - Test Delete User by Name executed
23:34:28.277 [main] INFO  api.tests.UserTestsProperty - Test Post User executed
23:34:30.205 [main] INFO  api.tests.UserTestsProperty - Test Get User by Name executed
23:34:32.158 [main] INFO  api.tests.UserTestsProperty - Test Update User by Name executed
23:34:36.443 [main] INFO  api.tests.UserTestsProperty - Test Delete User by Name executed
02:31:20.880 [main] INFO  api.tests.UserTests - Test Post User executed
02:31:22.154 [main] INFO  api.tests.UserTests - Test Get User by Name executed
02:31:23.118 [main] INFO  api.tests.UserTests - Test Update User by Name executed
02:31:25.062 [main] INFO  api.tests.UserTests - Test Delete User by Name executed
02:31:25.979 [main] INFO  api.tests.UserTestsProperty - Test Post User executed
02:31:27.067 [main] INFO  api.tests.UserTestsProperty - Test Get User by Name executed
02:31:28.032 [main] INFO  api.tests.UserTestsProperty - Test Update User by Name executed
02:31:29.965 [main] INFO  api.tests.UserTestsProperty - Test Delete User by Name executed
02:34:07.364 [main] INFO  api.tests.UserTests - Test Post User executed
02:34:08.276 [main] INFO  api.tests.UserTests - Test Get User by Name executed
02:34:09.132 [main] INFO  api.tests.UserTests - Test Update User by Name executed
02:34:11.056 [main] INFO  api.tests.UserTests - Test Delete User by Name executed
02:34:11.960 [main] INFO  api.tests.UserTestsProperty - Test Post User executed
02:34:12.852 [main] INFO  api.tests.UserTestsProperty - Test Get User by Name executed
02:34:13.724 [main] INFO  api.tests.UserTestsProperty - Test Update User by Name executed
02:34:15.485 [main] INFO  api.tests.UserTestsProperty - Test Delete User by Name executed
02:42:10.306 [main] INFO  api.tests.UserTests - Test Post User executed
02:42:11.344 [main] INFO  api.tests.UserTests - Test Get User by Name executed
02:42:12.294 [main] INFO  api.tests.UserTests - Test Update User by Name executed
02:42:14.225 [main] INFO  api.tests.UserTests - Test Delete User by Name executed
02:42:15.181 [main] INFO  api.tests.UserTestsProperty - Test Post User executed
02:42:16.146 [main] INFO  api.tests.UserTestsProperty - Test Get User by Name executed
02:42:17.018 [main] INFO  api.tests.UserTestsProperty - Test Update User by Name executed
02:42:18.758 [main] INFO  api.tests.UserTestsProperty - Test Delete User by Name executed
